#
# There is insufficient memory for the Java Runtime Environment to continue.
# Native memory allocation (mmap) failed to map 65536 bytes for Failed to commit metaspace.
# Possible reasons:
#   The system is out of physical RAM or swap space
#   The process is running with CompressedOops enabled, and the Java Heap may be blocking the growth of the native heap
# Possible solutions:
#   Reduce memory load on the system
#   Increase physical memory or swap space
#   Check if swap backing store is full
#   Decrease Java heap size (-Xmx/-Xms)
#   Decrease number of Java threads
#   Decrease Java thread stack sizes (-Xss)
#   Set larger code cache with -XX:ReservedCodeCacheSize=
#   JVM is running with Zero Based Compressed Oops mode in which the Java heap is
#     placed in the first 32GB address space. The Java Heap base address is the
#     maximum limit for the native heap growth. Please use -XX:HeapBaseMinAddress
#     to set the Java Heap base and to place the Java Heap above 32GB virtual address.
# This output file may be truncated or incomplete.
#
#  Out of Memory Error (virtualSpaceNode.cpp:110), pid=14544, tid=5620
#
# JRE version: OpenJDK Runtime Environment (17.0.10) (build 17.0.10+0--11609105)
# Java VM: OpenJDK 64-Bit Server VM (17.0.10+0--11609105, mixed mode, tiered, compressed oops, compressed class ptrs, g1 gc, windows-amd64)
# No core dump will be written. Minidumps are not enabled by default on client versions of Windows
#

---------------  S U M M A R Y ------------

Command Line: org.jetbrains.kotlin.cli.jvm.K2JVMCompiler @C:\Users\Faizan Shabir\Desktop\semester 6 clear\SE clear\Project Implementation Phase\MusicPlayer-Android-Kotlin-master\app\build\20250428_13795833135550718608.compiler.options

Host: Intel(R) Core(TM) i5-6500 CPU @ 3.20GHz, 4 cores, 15G,  Windows 10 , 64 bit Build 19041 (10.0.19041.5678)
Time: Mon Apr 28 14:18:18 2025 Pakistan Standard Time elapsed time: 0.095218 seconds (0d 0h 0m 0s)

---------------  T H R E A D  ---------------

Current thread (0x00000219978af1f0):  JavaThread "main" [_thread_in_vm, id=5620, stack(0x000000e880600000,0x000000e880700000)]

Stack: [0x000000e880600000,0x000000e880700000]
Native frames: (J=compiled Java code, j=interpreted, Vv=VM code, C=native code)
V  [jvm.dll+0x688de9]
V  [jvm.dll+0x8423da]
V  [jvm.dll+0x84401e]
V  [jvm.dll+0x844683]
V  [jvm.dll+0x24be0f]
V  [jvm.dll+0x83d3bb]
V  [jvm.dll+0x62d4a6]
V  [jvm.dll+0x62d50a]
V  [jvm.dll+0x62fd3a]
V  [jvm.dll+0x62de46]
V  [jvm.dll+0x63ed79]
V  [jvm.dll+0x638014]
V  [jvm.dll+0x3886f1]
C  0x00000219a22cc711

The last pc belongs to method entry point (kind = zerolocals) (printed below).
Java frames: (J=compiled Java code, j=interpreted, Vv=VM code)
j  java.io.FileSystem.hasBooleanAttributes(Ljava/io/File;I)Z+0 java.base
j  java.io.File.isDirectory()Z+30 java.base
j  sun.net.www.ParseUtil.fileToEncodedURL(Ljava/io/File;)Ljava/net/URL;+49 java.base
j  jdk.internal.loader.URLClassPath.toFileURL(Ljava/lang/String;)Ljava/net/URL;+13 java.base
j  jdk.internal.loader.URLClassPath.<init>(Ljava/lang/String;Z)V+96 java.base
j  jdk.internal.loader.ClassLoaders.<clinit>()V+144 java.base
v  ~StubRoutines::call_stub
j  jdk.internal.loader.BootLoader.loadModule(Ljava/lang/module/ModuleReference;)V+0 java.base
j  jdk.internal.module.ModuleBootstrap.boot2()Ljava/lang/ModuleLayer;+352 java.base
j  jdk.internal.module.ModuleBootstrap.boot()Ljava/lang/ModuleLayer;+64 java.base
j  java.lang.System.initPhase2(ZZ)I+0 java.base
v  ~StubRoutines::call_stub
method entry point (kind = zerolocals)  [0x00000219a22cc540, 0x00000219a22cc8e0]  928 bytes
[MachCode]
  0x00000219a22cc540: 488b 5308 | 0fb7 4a2c | 0fb7 522a | 2bd1 81fa | f501 0000 | 0f86 2500 | 0000 488b | c248 c1e0 
  0x00000219a22cc560: 0348 83c0 | 5849 0387 | c003 0000 | 483b e00f | 870a 0000 | 0058 498b | e550 e901 | c3ff ff58 
  0x00000219a22cc580: 4c8d 74cc | f885 d20f | 8e09 0000 | 0068 0000 | 0000 ffca | 7ff7 5055 | 488b ec41 | 5568 0000 
  0x00000219a22cc5a0: 0000 4c8b | 6b08 4d8d | 6d30 5348 | 8b53 0848 | 8b52 0848 | 8b52 1848 | 8b52 7048 | 8b12 5248 
  0x00000219a22cc5c0: 8b53 1048 | 85d2 0f84 | 0700 0000 | 4881 c208 | 0100 0052 | 488b 5308 | 488b 5208 | 488b 5210 
  0x00000219a22cc5e0: 5241 5641 | 5568 0000 | 0000 4889 | 2424 41c6 | 8779 0300 | 0001 488b | 45d8 4885 | c00f 848d 
  0x00000219a22cc600: 0000 008b | 48fc 85c9 | 0f88 8200 | 0000 4803 | c148 8b48 | 0848 83e9 | 0248 8b54 | c810 48f7 
  0x00000219a22cc620: da49 8b14 | d648 85d2 | 7508 4883 | 4cc8 1801 | eb58 8b52 | 0849 ba00 | 0000 0008 | 0000 0049 
  0x00000219a22cc640: 03d2 4833 | 54c8 1848 | f7c2 fcff | ffff 743a | 48f7 c202 | 0000 0075 | 3148 817c | c818 0000 
  0x00000219a22cc660: 0000 7421 | 4881 7cc8 | 1801 0000 | 0074 1648 | 3354 c818 | 48f7 c2fc | ffff ff74 | 0d48 834c 
  0x00000219a22cc680: c818 02eb | 0548 8954 | c818 4883 | e902 7989 | 488b 4310 | 4885 c074 | 208b 88cc | 0000 0083 
  0x00000219a22cc6a0: c102 8988 | cc00 0000 | 2388 e000 | 0000 0f84 | 7801 0000 | e9d1 0000 | 0048 8b43 | 1848 85c0 
  0x00000219a22cc6c0: 0f85 b200 | 0000 e805 | 0000 00e9 | 9b00 0000 | 488b d348 | 8d44 2408 | 4c89 6dc0 | 498b cfc5 
  0x00000219a22cc6e0: f877 4989 | afa8 0200 | 0049 8987 | 9802 0000 | 4883 ec20 | f7c4 0f00 | 0000 0f84 | 1a00 0000 
  0x00000219a22cc700: 4883 ec08 | 49ba d086 | e04c f87f | 0000 41ff | d248 83c4 | 08e9 0d00 | 0000 49ba | d086 e04c 
  0x00000219a22cc720: f87f 0000 | 41ff d248 | 83c4 2049 | c787 9802 | 0000 0000 | 0000 49c7 | 87a8 0200 | 0000 0000 
  0x00000219a22cc740: 0049 c787 | a002 0000 | 0000 0000 | c5f8 7749 | 817f 0800 | 0000 000f | 8405 0000 | 00e9 9e47 
  0x00000219a22cc760: ffff 4c8b | 6dc0 4c8b | 75c8 c348 | 8b43 1848 | 85c0 0f84 | 1200 0000 | 8b48 0883 | c102 8948 
  0x00000219a22cc780: 0823 4820 | 0f84 a200 | 0000 8984 | 2400 f0ff | ff89 8424 | 00e0 ffff | 8984 2400 | d0ff ff89 
  0x00000219a22cc7a0: 8424 00c0 | ffff 8984 | 2400 b0ff | ff89 8424 | 00a0 ffff | 8984 2400 | 90ff ff41 | c687 7903 
  0x00000219a22cc7c0: 0000 0049 | ba88 3961 | 4df8 7f00 | 0041 803a | 000f 8442 | 0000 0048 | 8b55 e849 | 8bcf 4883 
  0x00000219a22cc7e0: ec20 f7c4 | 0f00 0000 | 0f84 1a00 | 0000 4883 | ec08 49ba | 10f3 164d | f87f 0000 | 41ff d248 
  0x00000219a22cc800: 83c4 08e9 | 0d00 0000 | 49ba 10f3 | 164d f87f | 0000 41ff | d248 83c4 | 2041 0fb6 | 5d00 49ba 
  0x00000219a22cc820: 80ae 634d | f87f 0000 | 41ff 24da | ba00 0000 | 00e8 0500 | 0000 e998 | 0000 0048 | 8d44 2408 
  0x00000219a22cc840: 4c89 6dc0 | 498b cfc5 | f877 4989 | afa8 0200 | 0049 8987 | 9802 0000 | 4883 ec20 | f7c4 0f00 
  0x00000219a22cc860: 0000 0f84 | 1a00 0000 | 4883 ec08 | 49ba c091 | e04c f87f | 0000 41ff | d248 83c4 | 08e9 0d00 
  0x00000219a22cc880: 0000 49ba | c091 e04c | f87f 0000 | 41ff d248 | 83c4 2049 | c787 9802 | 0000 0000 | 0000 49c7 
  0x00000219a22cc8a0: 87a8 0200 | 0000 0000 | 0049 c787 | a002 0000 | 0000 0000 | c5f8 7749 | 817f 0800 | 0000 000f 
  0x00000219a22cc8c0: 8405 0000 | 00e9 3646 | ffff 4c8b | 6dc0 4c8b | 75c8 c348 | 8b5d e8e9 | aefe ffff | 0f1f 4000 
[/MachCode]

---------------  P R O C E S S  ---------------

Threads class SMR info:
_java_thread_list=0x00000219b5a79640, length=10, elements={
0x00000219978af1f0, 0x00000219b5a7a280, 0x00000219b5a7ac20, 0x00000219b5a961a0,
0x00000219b5ab8be0, 0x00000219b5ab90c0, 0x00000219b5ab9bb0, 0x00000219b5aaf820,
0x00000219b5ab3650, 0x00000219b5ad69c0
}

Java Threads: ( => current thread )
=>0x00000219978af1f0 JavaThread "main" [_thread_in_vm, id=5620, stack(0x000000e880600000,0x000000e880700000)]
  0x00000219b5a7a280 JavaThread "Reference Handler" daemon [_thread_blocked, id=3284, stack(0x000000e880d00000,0x000000e880e00000)]
  0x00000219b5a7ac20 JavaThread "Finalizer" daemon [_thread_blocked, id=8448, stack(0x000000e880e00000,0x000000e880f00000)]
  0x00000219b5a961a0 JavaThread "Signal Dispatcher" daemon [_thread_blocked, id=7516, stack(0x000000e880f00000,0x000000e881000000)]
  0x00000219b5ab8be0 JavaThread "Attach Listener" daemon [_thread_blocked, id=2464, stack(0x000000e881000000,0x000000e881100000)]
  0x00000219b5ab90c0 JavaThread "Service Thread" daemon [_thread_blocked, id=13424, stack(0x000000e881100000,0x000000e881200000)]
  0x00000219b5ab9bb0 JavaThread "Monitor Deflation Thread" daemon [_thread_blocked, id=8992, stack(0x000000e881200000,0x000000e881300000)]
  0x00000219b5aaf820 JavaThread "C2 CompilerThread0" daemon [_thread_blocked, id=15036, stack(0x000000e881300000,0x000000e881400000)]
  0x00000219b5ab3650 JavaThread "C1 CompilerThread0" daemon [_thread_blocked, id=1432, stack(0x000000e881400000,0x000000e881500000)]
  0x00000219b5ad69c0 JavaThread "Sweeper thread" daemon [_thread_blocked, id=5680, stack(0x000000e881500000,0x000000e881600000)]

Other Threads:
  0x00000219b58dbfd0 VMThread "VM Thread" [stack: 0x000000e880c00000,0x000000e880d00000] [id=12816]
  0x0000021997918f10 GCTaskThread "GC Thread#0" [stack: 0x000000e880700000,0x000000e880800000] [id=2884]
  0x000002199792c230 ConcurrentGCThread "G1 Main Marker" [stack: 0x000000e880800000,0x000000e880900000] [id=6768]
  0x000002199792cb60 ConcurrentGCThread "G1 Conc#0" [stack: 0x000000e880900000,0x000000e880a00000] [id=10580]
  0x000002199796ddd0 ConcurrentGCThread "G1 Refine#0" [stack: 0x000000e880a00000,0x000000e880b00000] [id=6608]
  0x000002199796e320 ConcurrentGCThread "G1 Service" [stack: 0x000000e880b00000,0x000000e880c00000] [id=8424]

Threads with active compile tasks:

VM state: not at safepoint (normal execution)

VM Mutex/Monitor currently owned by a thread:  ([mutex/lock_event])
[0x00000219978abac0] Metaspace_lock - owner thread: 0x00000219978af1f0

Heap address: 0x0000000703600000, size: 4042 MB, Compressed Oops mode: Zero based, Oop shift amount: 3

CDS archive(s) not mapped
Compressed class space mapped at: 0x0000000800000000-0x0000000840000000, reserved size: 1073741824
Narrow klass base: 0x0000000800000000, Narrow klass shift: 0, Narrow klass range: 0x40000000

GC Precious Log:
 CPUs: 4 total, 4 available
 Memory: 16167M
 Large Page Support: Disabled
 NUMA Support: Disabled
 Compressed Oops: Enabled (Zero based)
 Heap Region Size: 2M
 Heap Min Capacity: 8M
 Heap Initial Capacity: 254M
 Heap Max Capacity: 4042M
 Pre-touch: Disabled
 Parallel Workers: 4
 Concurrent Workers: 1
 Concurrent Refinement Workers: 4
 Periodic GC: Disabled

Heap:
 garbage-first heap   total 260096K, used 0K [0x0000000703600000, 0x0000000800000000)
  region size 2048K, 1 young (2048K), 0 survivors (0K)
 Metaspace       used 3410K, committed 3456K, reserved 1114112K
  class space    used 274K, committed 320K, reserved 1048576K

Heap Regions: E=young(eden), S=young(survivor), O=old, HS=humongous(starts), HC=humongous(continues), CS=collection set, F=free, OA=open archive, CA=closed archive, TAMS=top-at-mark-start (previous, next)
|   0|0x0000000703600000, 0x0000000703600000, 0x0000000703800000|  0%| F|  |TAMS 0x0000000703600000, 0x0000000703600000| Untracked 
|   1|0x0000000703800000, 0x0000000703800000, 0x0000000703a00000|  0%| F|  |TAMS 0x0000000703800000, 0x0000000703800000| Untracked 
|   2|0x0000000703a00000, 0x0000000703a00000, 0x0000000703c00000|  0%| F|  |TAMS 0x0000000703a00000, 0x0000000703a00000| Untracked 
|   3|0x0000000703c00000, 0x0000000703c00000, 0x0000000703e00000|  0%| F|  |TAMS 0x0000000703c00000, 0x0000000703c00000| Untracked 
|   4|0x0000000703e00000, 0x0000000703e00000, 0x0000000704000000|  0%| F|  |TAMS 0x0000000703e00000, 0x0000000703e00000| Untracked 
|   5|0x0000000704000000, 0x0000000704000000, 0x0000000704200000|  0%| F|  |TAMS 0x0000000704000000, 0x0000000704000000| Untracked 
|   6|0x0000000704200000, 0x0000000704200000, 0x0000000704400000|  0%| F|  |TAMS 0x0000000704200000, 0x0000000704200000| Untracked 
|   7|0x0000000704400000, 0x0000000704400000, 0x0000000704600000|  0%| F|  |TAMS 0x0000000704400000, 0x0000000704400000| Untracked 
|   8|0x0000000704600000, 0x0000000704600000, 0x0000000704800000|  0%| F|  |TAMS 0x0000000704600000, 0x0000000704600000| Untracked 
|   9|0x0000000704800000, 0x0000000704800000, 0x0000000704a00000|  0%| F|  |TAMS 0x0000000704800000, 0x0000000704800000| Untracked 
|  10|0x0000000704a00000, 0x0000000704a00000, 0x0000000704c00000|  0%| F|  |TAMS 0x0000000704a00000, 0x0000000704a00000| Untracked 
|  11|0x0000000704c00000, 0x0000000704c00000, 0x0000000704e00000|  0%| F|  |TAMS 0x0000000704c00000, 0x0000000704c00000| Untracked 
|  12|0x0000000704e00000, 0x0000000704e00000, 0x0000000705000000|  0%| F|  |TAMS 0x0000000704e00000, 0x0000000704e00000| Untracked 
|  13|0x0000000705000000, 0x0000000705000000, 0x0000000705200000|  0%| F|  |TAMS 0x0000000705000000, 0x0000000705000000| Untracked 
|  14|0x0000000705200000, 0x0000000705200000, 0x0000000705400000|  0%| F|  |TAMS 0x0000000705200000, 0x0000000705200000| Untracked 
|  15|0x0000000705400000, 0x0000000705400000, 0x0000000705600000|  0%| F|  |TAMS 0x0000000705400000, 0x0000000705400000| Untracked 
|  16|0x0000000705600000, 0x0000000705600000, 0x0000000705800000|  0%| F|  |TAMS 0x0000000705600000, 0x0000000705600000| Untracked 
|  17|0x0000000705800000, 0x0000000705800000, 0x0000000705a00000|  0%| F|  |TAMS 0x0000000705800000, 0x0000000705800000| Untracked 
|  18|0x0000000705a00000, 0x0000000705a00000, 0x0000000705c00000|  0%| F|  |TAMS 0x0000000705a00000, 0x0000000705a00000| Untracked 
|  19|0x0000000705c00000, 0x0000000705c00000, 0x0000000705e00000|  0%| F|  |TAMS 0x0000000705c00000, 0x0000000705c00000| Untracked 
|  20|0x0000000705e00000, 0x0000000705e00000, 0x0000000706000000|  0%| F|  |TAMS 0x0000000705e00000, 0x0000000705e00000| Untracked 
|  21|0x0000000706000000, 0x0000000706000000, 0x0000000706200000|  0%| F|  |TAMS 0x0000000706000000, 0x0000000706000000| Untracked 
|  22|0x0000000706200000, 0x0000000706200000, 0x0000000706400000|  0%| F|  |TAMS 0x0000000706200000, 0x0000000706200000| Untracked 
|  23|0x0000000706400000, 0x0000000706400000, 0x0000000706600000|  0%| F|  |TAMS 0x0000000706400000, 0x0000000706400000| Untracked 
|  24|0x0000000706600000, 0x0000000706600000, 0x0000000706800000|  0%| F|  |TAMS 0x0000000706600000, 0x0000000706600000| Untracked 
|  25|0x0000000706800000, 0x0000000706800000, 0x0000000706a00000|  0%| F|  |TAMS 0x0000000706800000, 0x0000000706800000| Untracked 
|  26|0x0000000706a00000, 0x0000000706a00000, 0x0000000706c00000|  0%| F|  |TAMS 0x0000000706a00000, 0x0000000706a00000| Untracked 
|  27|0x0000000706c00000, 0x0000000706c00000, 0x0000000706e00000|  0%| F|  |TAMS 0x0000000706c00000, 0x0000000706c00000| Untracked 
|  28|0x0000000706e00000, 0x0000000706e00000, 0x0000000707000000|  0%| F|  |TAMS 0x0000000706e00000, 0x0000000706e00000| Untracked 
|  29|0x0000000707000000, 0x0000000707000000, 0x0000000707200000|  0%| F|  |TAMS 0x0000000707000000, 0x0000000707000000| Untracked 
|  30|0x0000000707200000, 0x0000000707200000, 0x0000000707400000|  0%| F|  |TAMS 0x0000000707200000, 0x0000000707200000| Untracked 
|  31|0x0000000707400000, 0x0000000707400000, 0x0000000707600000|  0%| F|  |TAMS 0x0000000707400000, 0x0000000707400000| Untracked 
|  32|0x0000000707600000, 0x0000000707600000, 0x0000000707800000|  0%| F|  |TAMS 0x0000000707600000, 0x0000000707600000| Untracked 
|  33|0x0000000707800000, 0x0000000707800000, 0x0000000707a00000|  0%| F|  |TAMS 0x0000000707800000, 0x0000000707800000| Untracked 
|  34|0x0000000707a00000, 0x0000000707a00000, 0x0000000707c00000|  0%| F|  |TAMS 0x0000000707a00000, 0x0000000707a00000| Untracked 
|  35|0x0000000707c00000, 0x0000000707c00000, 0x0000000707e00000|  0%| F|  |TAMS 0x0000000707c00000, 0x0000000707c00000| Untracked 
|  36|0x0000000707e00000, 0x0000000707e00000, 0x0000000708000000|  0%| F|  |TAMS 0x0000000707e00000, 0x0000000707e00000| Untracked 
|  37|0x0000000708000000, 0x0000000708000000, 0x0000000708200000|  0%| F|  |TAMS 0x0000000708000000, 0x0000000708000000| Untracked 
|  38|0x0000000708200000, 0x0000000708200000, 0x0000000708400000|  0%| F|  |TAMS 0x0000000708200000, 0x0000000708200000| Untracked 
|  39|0x0000000708400000, 0x0000000708400000, 0x0000000708600000|  0%| F|  |TAMS 0x0000000708400000, 0x0000000708400000| Untracked 
|  40|0x0000000708600000, 0x0000000708600000, 0x0000000708800000|  0%| F|  |TAMS 0x0000000708600000, 0x0000000708600000| Untracked 
|  41|0x0000000708800000, 0x0000000708800000, 0x0000000708a00000|  0%| F|  |TAMS 0x0000000708800000, 0x0000000708800000| Untracked 
|  42|0x0000000708a00000, 0x0000000708a00000, 0x0000000708c00000|  0%| F|  |TAMS 0x0000000708a00000, 0x0000000708a00000| Untracked 
|  43|0x0000000708c00000, 0x0000000708c00000, 0x0000000708e00000|  0%| F|  |TAMS 0x0000000708c00000, 0x0000000708c00000| Untracked 
|  44|0x0000000708e00000, 0x0000000708e00000, 0x0000000709000000|  0%| F|  |TAMS 0x0000000708e00000, 0x0000000708e00000| Untracked 
|  45|0x0000000709000000, 0x0000000709000000, 0x0000000709200000|  0%| F|  |TAMS 0x0000000709000000, 0x0000000709000000| Untracked 
|  46|0x0000000709200000, 0x0000000709200000, 0x0000000709400000|  0%| F|  |TAMS 0x0000000709200000, 0x0000000709200000| Untracked 
|  47|0x0000000709400000, 0x0000000709400000, 0x0000000709600000|  0%| F|  |TAMS 0x0000000709400000, 0x0000000709400000| Untracked 
|  48|0x0000000709600000, 0x0000000709600000, 0x0000000709800000|  0%| F|  |TAMS 0x0000000709600000, 0x0000000709600000| Untracked 
|  49|0x0000000709800000, 0x0000000709800000, 0x0000000709a00000|  0%| F|  |TAMS 0x0000000709800000, 0x0000000709800000| Untracked 
|  50|0x0000000709a00000, 0x0000000709a00000, 0x0000000709c00000|  0%| F|  |TAMS 0x0000000709a00000, 0x0000000709a00000| Untracked 
|  51|0x0000000709c00000, 0x0000000709c00000, 0x0000000709e00000|  0%| F|  |TAMS 0x0000000709c00000, 0x0000000709c00000| Untracked 
|  52|0x0000000709e00000, 0x0000000709e00000, 0x000000070a000000|  0%| F|  |TAMS 0x0000000709e00000, 0x0000000709e00000| Untracked 
|  53|0x000000070a000000, 0x000000070a000000, 0x000000070a200000|  0%| F|  |TAMS 0x000000070a000000, 0x000000070a000000| Untracked 
|  54|0x000000070a200000, 0x000000070a200000, 0x000000070a400000|  0%| F|  |TAMS 0x000000070a200000, 0x000000070a200000| Untracked 
|  55|0x000000070a400000, 0x000000070a400000, 0x000000070a600000|  0%| F|  |TAMS 0x000000070a400000, 0x000000070a400000| Untracked 
|  56|0x000000070a600000, 0x000000070a600000, 0x000000070a800000|  0%| F|  |TAMS 0x000000070a600000, 0x000000070a600000| Untracked 
|  57|0x000000070a800000, 0x000000070a800000, 0x000000070aa00000|  0%| F|  |TAMS 0x000000070a800000, 0x000000070a800000| Untracked 
|  58|0x000000070aa00000, 0x000000070aa00000, 0x000000070ac00000|  0%| F|  |TAMS 0x000000070aa00000, 0x000000070aa00000| Untracked 
|  59|0x000000070ac00000, 0x000000070ac00000, 0x000000070ae00000|  0%| F|  |TAMS 0x000000070ac00000, 0x000000070ac00000| Untracked 
|  60|0x000000070ae00000, 0x000000070ae00000, 0x000000070b000000|  0%| F|  |TAMS 0x000000070ae00000, 0x000000070ae00000| Untracked 
|  61|0x000000070b000000, 0x000000070b000000, 0x000000070b200000|  0%| F|  |TAMS 0x000000070b000000, 0x000000070b000000| Untracked 
|  62|0x000000070b200000, 0x000000070b200000, 0x000000070b400000|  0%| F|  |TAMS 0x000000070b200000, 0x000000070b200000| Untracked 
|  63|0x000000070b400000, 0x000000070b400000, 0x000000070b600000|  0%| F|  |TAMS 0x000000070b400000, 0x000000070b400000| Untracked 
|  64|0x000000070b600000, 0x000000070b600000, 0x000000070b800000|  0%| F|  |TAMS 0x000000070b600000, 0x000000070b600000| Untracked 
|  65|0x000000070b800000, 0x000000070b800000, 0x000000070ba00000|  0%| F|  |TAMS 0x000000070b800000, 0x000000070b800000| Untracked 
|  66|0x000000070ba00000, 0x000000070ba00000, 0x000000070bc00000|  0%| F|  |TAMS 0x000000070ba00000, 0x000000070ba00000| Untracked 
|  67|0x000000070bc00000, 0x000000070bc00000, 0x000000070be00000|  0%| F|  |TAMS 0x000000070bc00000, 0x000000070bc00000| Untracked 
|  68|0x000000070be00000, 0x000000070be00000, 0x000000070c000000|  0%| F|  |TAMS 0x000000070be00000, 0x000000070be00000| Untracked 
|  69|0x000000070c000000, 0x000000070c000000, 0x000000070c200000|  0%| F|  |TAMS 0x000000070c000000, 0x000000070c000000| Untracked 
|  70|0x000000070c200000, 0x000000070c200000, 0x000000070c400000|  0%| F|  |TAMS 0x000000070c200000, 0x000000070c200000| Untracked 
|  71|0x000000070c400000, 0x000000070c400000, 0x000000070c600000|  0%| F|  |TAMS 0x000000070c400000, 0x000000070c400000| Untracked 
|  72|0x000000070c600000, 0x000000070c600000, 0x000000070c800000|  0%| F|  |TAMS 0x000000070c600000, 0x000000070c600000| Untracked 
|  73|0x000000070c800000, 0x000000070c800000, 0x000000070ca00000|  0%| F|  |TAMS 0x000000070c800000, 0x000000070c800000| Untracked 
|  74|0x000000070ca00000, 0x000000070ca00000, 0x000000070cc00000|  0%| F|  |TAMS 0x000000070ca00000, 0x000000070ca00000| Untracked 
|  75|0x000000070cc00000, 0x000000070cc00000, 0x000000070ce00000|  0%| F|  |TAMS 0x000000070cc00000, 0x000000070cc00000| Untracked 
|  76|0x000000070ce00000, 0x000000070ce00000, 0x000000070d000000|  0%| F|  |TAMS 0x000000070ce00000, 0x000000070ce00000| Untracked 
|  77|0x000000070d000000, 0x000000070d000000, 0x000000070d200000|  0%| F|  |TAMS 0x000000070d000000, 0x000000070d000000| Untracked 
|  78|0x000000070d200000, 0x000000070d200000, 0x000000070d400000|  0%| F|  |TAMS 0x000000070d200000, 0x000000070d200000| Untracked 
|  79|0x000000070d400000, 0x000000070d400000, 0x000000070d600000|  0%| F|  |TAMS 0x000000070d400000, 0x000000070d400000| Untracked 
|  80|0x000000070d600000, 0x000000070d600000, 0x000000070d800000|  0%| F|  |TAMS 0x000000070d600000, 0x000000070d600000| Untracked 
|  81|0x000000070d800000, 0x000000070d800000, 0x000000070da00000|  0%| F|  |TAMS 0x000000070d800000, 0x000000070d800000| Untracked 
|  82|0x000000070da00000, 0x000000070da00000, 0x000000070dc00000|  0%| F|  |TAMS 0x000000070da00000, 0x000000070da00000| Untracked 
|  83|0x000000070dc00000, 0x000000070dc00000, 0x000000070de00000|  0%| F|  |TAMS 0x000000070dc00000, 0x000000070dc00000| Untracked 
|  84|0x000000070de00000, 0x000000070de00000, 0x000000070e000000|  0%| F|  |TAMS 0x000000070de00000, 0x000000070de00000| Untracked 
|  85|0x000000070e000000, 0x000000070e000000, 0x000000070e200000|  0%| F|  |TAMS 0x000000070e000000, 0x000000070e000000| Untracked 
|  86|0x000000070e200000, 0x000000070e200000, 0x000000070e400000|  0%| F|  |TAMS 0x000000070e200000, 0x000000070e200000| Untracked 
|  87|0x000000070e400000, 0x000000070e400000, 0x000000070e600000|  0%| F|  |TAMS 0x000000070e400000, 0x000000070e400000| Untracked 
|  88|0x000000070e600000, 0x000000070e600000, 0x000000070e800000|  0%| F|  |TAMS 0x000000070e600000, 0x000000070e600000| Untracked 
|  89|0x000000070e800000, 0x000000070e800000, 0x000000070ea00000|  0%| F|  |TAMS 0x000000070e800000, 0x000000070e800000| Untracked 
|  90|0x000000070ea00000, 0x000000070ea00000, 0x000000070ec00000|  0%| F|  |TAMS 0x000000070ea00000, 0x000000070ea00000| Untracked 
|  91|0x000000070ec00000, 0x000000070ec00000, 0x000000070ee00000|  0%| F|  |TAMS 0x000000070ec00000, 0x000000070ec00000| Untracked 
|  92|0x000000070ee00000, 0x000000070ee00000, 0x000000070f000000|  0%| F|  |TAMS 0x000000070ee00000, 0x000000070ee00000| Untracked 
|  93|0x000000070f000000, 0x000000070f000000, 0x000000070f200000|  0%| F|  |TAMS 0x000000070f000000, 0x000000070f000000| Untracked 
|  94|0x000000070f200000, 0x000000070f200000, 0x000000070f400000|  0%| F|  |TAMS 0x000000070f200000, 0x000000070f200000| Untracked 
|  95|0x000000070f400000, 0x000000070f400000, 0x000000070f600000|  0%| F|  |TAMS 0x000000070f400000, 0x000000070f400000| Untracked 
|  96|0x000000070f600000, 0x000000070f600000, 0x000000070f800000|  0%| F|  |TAMS 0x000000070f600000, 0x000000070f600000| Untracked 
|  97|0x000000070f800000, 0x000000070f800000, 0x000000070fa00000|  0%| F|  |TAMS 0x000000070f800000, 0x000000070f800000| Untracked 
|  98|0x000000070fa00000, 0x000000070fa00000, 0x000000070fc00000|  0%| F|  |TAMS 0x000000070fa00000, 0x000000070fa00000| Untracked 
|  99|0x000000070fc00000, 0x000000070fc00000, 0x000000070fe00000|  0%| F|  |TAMS 0x000000070fc00000, 0x000000070fc00000| Untracked 
| 100|0x000000070fe00000, 0x000000070fe00000, 0x0000000710000000|  0%| F|  |TAMS 0x000000070fe00000, 0x000000070fe00000| Untracked 
| 101|0x0000000710000000, 0x0000000710000000, 0x0000000710200000|  0%| F|  |TAMS 0x0000000710000000, 0x0000000710000000| Untracked 
| 102|0x0000000710200000, 0x0000000710200000, 0x0000000710400000|  0%| F|  |TAMS 0x0000000710200000, 0x0000000710200000| Untracked 
| 103|0x0000000710400000, 0x0000000710400000, 0x0000000710600000|  0%| F|  |TAMS 0x0000000710400000, 0x0000000710400000| Untracked 
| 104|0x0000000710600000, 0x0000000710600000, 0x0000000710800000|  0%| F|  |TAMS 0x0000000710600000, 0x0000000710600000| Untracked 
| 105|0x0000000710800000, 0x0000000710800000, 0x0000000710a00000|  0%| F|  |TAMS 0x0000000710800000, 0x0000000710800000| Untracked 
| 106|0x0000000710a00000, 0x0000000710a00000, 0x0000000710c00000|  0%| F|  |TAMS 0x0000000710a00000, 0x0000000710a00000| Untracked 
| 107|0x0000000710c00000, 0x0000000710c00000, 0x0000000710e00000|  0%| F|  |TAMS 0x0000000710c00000, 0x0000000710c00000| Untracked 
| 108|0x0000000710e00000, 0x0000000710e00000, 0x0000000711000000|  0%| F|  |TAMS 0x0000000710e00000, 0x0000000710e00000| Untracked 
| 109|0x0000000711000000, 0x0000000711000000, 0x0000000711200000|  0%| F|  |TAMS 0x0000000711000000, 0x0000000711000000| Untracked 
| 110|0x0000000711200000, 0x0000000711200000, 0x0000000711400000|  0%| F|  |TAMS 0x0000000711200000, 0x0000000711200000| Untracked 
| 111|0x0000000711400000, 0x0000000711400000, 0x0000000711600000|  0%| F|  |TAMS 0x0000000711400000, 0x0000000711400000| Untracked 
| 112|0x0000000711600000, 0x0000000711600000, 0x0000000711800000|  0%| F|  |TAMS 0x0000000711600000, 0x0000000711600000| Untracked 
| 113|0x0000000711800000, 0x0000000711800000, 0x0000000711a00000|  0%| F|  |TAMS 0x0000000711800000, 0x0000000711800000| Untracked 
| 114|0x0000000711a00000, 0x0000000711a00000, 0x0000000711c00000|  0%| F|  |TAMS 0x0000000711a00000, 0x0000000711a00000| Untracked 
| 115|0x0000000711c00000, 0x0000000711c00000, 0x0000000711e00000|  0%| F|  |TAMS 0x0000000711c00000, 0x0000000711c00000| Untracked 
| 116|0x0000000711e00000, 0x0000000711e00000, 0x0000000712000000|  0%| F|  |TAMS 0x0000000711e00000, 0x0000000711e00000| Untracked 
| 117|0x0000000712000000, 0x0000000712000000, 0x0000000712200000|  0%| F|  |TAMS 0x0000000712000000, 0x0000000712000000| Untracked 
| 118|0x0000000712200000, 0x0000000712200000, 0x0000000712400000|  0%| F|  |TAMS 0x0000000712200000, 0x0000000712200000| Untracked 
| 119|0x0000000712400000, 0x0000000712400000, 0x0000000712600000|  0%| F|  |TAMS 0x0000000712400000, 0x0000000712400000| Untracked 
| 120|0x0000000712600000, 0x0000000712600000, 0x0000000712800000|  0%| F|  |TAMS 0x0000000712600000, 0x0000000712600000| Untracked 
| 121|0x0000000712800000, 0x0000000712800000, 0x0000000712a00000|  0%| F|  |TAMS 0x0000000712800000, 0x0000000712800000| Untracked 
| 122|0x0000000712a00000, 0x0000000712a00000, 0x0000000712c00000|  0%| F|  |TAMS 0x0000000712a00000, 0x0000000712a00000| Untracked 
| 123|0x0000000712c00000, 0x0000000712c00000, 0x0000000712e00000|  0%| F|  |TAMS 0x0000000712c00000, 0x0000000712c00000| Untracked 
| 124|0x0000000712e00000, 0x0000000712e00000, 0x0000000713000000|  0%| F|  |TAMS 0x0000000712e00000, 0x0000000712e00000| Untracked 
| 125|0x0000000713000000, 0x0000000713000000, 0x0000000713200000|  0%| F|  |TAMS 0x0000000713000000, 0x0000000713000000| Untracked 
| 126|0x0000000713200000, 0x00000007132b8668, 0x0000000713400000| 36%| E|  |TAMS 0x0000000713200000, 0x0000000713200000| Complete 

Card table byte_map: [0x00000219aa580000,0x00000219aad70000] _byte_map_base: 0x00000219a6d65000

Marking Bits (Prev, Next): (CMBitMap*) 0x000002199791b460, (CMBitMap*) 0x000002199791b4a0
 Prev Bits: [0x00000219ab560000, 0x00000219af488000)
 Next Bits: [0x00000219af490000, 0x00000219b33b8000)

Polling page: 0x0000021995770000

Metaspace:

Usage:
  Non-class:      3.06 MB used.
      Class:    274.80 KB used.
       Both:      3.33 MB used.

Virtual space:
  Non-class space:       64.00 MB reserved,       3.06 MB (  5%) committed,  1 nodes.
      Class space:        1.00 GB reserved,     320.00 KB ( <1%) committed,  1 nodes.
             Both:        1.06 GB reserved,       3.38 MB ( <1%) committed. 

Chunk freelists:
   Non-Class:  12.00 MB
       Class:  15.62 MB
        Both:  27.62 MB

MaxMetaspaceSize: unlimited
CompressedClassSpaceSize: 1.00 GB
Initial GC threshold: 21.00 MB
Current GC threshold: 21.00 MB
CDS: off
MetaspaceReclaimPolicy: balanced
 - commit_granule_bytes: 65536.
 - commit_granule_words: 8192.
 - virtual_space_node_default_size: 8388608.
 - enlarge_chunks_in_place: 1.
 - new_chunks_are_fully_committed: 0.
 - uncommit_free_chunks: 1.
 - use_allocation_guard: 0.
 - handle_deallocations: 1.


Internal statistics:

num_allocs_failed_limit: 0.
num_arena_births: 2.
num_arena_deaths: 0.
num_vsnodes_births: 2.
num_vsnodes_deaths: 0.
num_space_committed: 54.
num_space_uncommitted: 0.
num_chunks_returned_to_freelist: 0.
num_chunks_taken_from_freelist: 4.
num_chunk_merges: 0.
num_chunk_splits: 2.
num_chunks_enlarged: 0.
num_inconsistent_stats: 0.

CodeHeap 'non-profiled nmethods': size=120000Kb used=3Kb max_used=3Kb free=119996Kb
 bounds [0x00000219a2860000, 0x00000219a2ad0000, 0x00000219a9d90000]
CodeHeap 'profiled nmethods': size=120000Kb used=24Kb max_used=24Kb free=119975Kb
 bounds [0x000002199ad90000, 0x000002199b000000, 0x00000219a22c0000]
CodeHeap 'non-nmethods': size=5760Kb used=1027Kb max_used=1038Kb free=4732Kb
 bounds [0x00000219a22c0000, 0x00000219a2530000, 0x00000219a2860000]
 total_blobs=301 nmethods=22 adapters=192
 compilation: enabled
              stopped_count=0, restarted_count=0
 full_count=0

Compilation events (20 events):
Event: 0.087 Thread 0x00000219b5ab3650   14       3       java.lang.module.ModuleDescriptor::modsHashCode (46 bytes)
Event: 0.087 Thread 0x00000219b5aaf820   15       4       java.lang.StringLatin1::hashCode (42 bytes)
Event: 0.087 Thread 0x00000219b5ab3650 nmethod 14 0x000002199ad94290 code [0x000002199ad94480, 0x000002199ad94a98]
Event: 0.087 Thread 0x00000219b5ab3650   13       3       java.lang.module.ModuleDescriptor$Exports::<init> (20 bytes)
Event: 0.087 Thread 0x00000219b5ab3650 nmethod 13 0x000002199ad94c90 code [0x000002199ad94e40, 0x000002199ad950d8]
Event: 0.087 Thread 0x00000219b5ab3650   16       3       java.util.Objects::requireNonNull (14 bytes)
Event: 0.087 Thread 0x00000219b5ab3650 nmethod 16 0x000002199ad95190 code [0x000002199ad95340, 0x000002199ad95528]
Event: 0.087 Thread 0x00000219b5ab3650   17       3       java.util.ImmutableCollections$AbstractImmutableSet::<init> (5 bytes)
Event: 0.087 Thread 0x00000219b5ab3650 nmethod 17 0x000002199ad95610 code [0x000002199ad957c0, 0x000002199ad959f8]
Event: 0.088 Thread 0x00000219b5ab3650   19       3       java.lang.String::coder (15 bytes)
Event: 0.089 Thread 0x00000219b5ab3650 nmethod 19 0x000002199ad95b10 code [0x000002199ad95ca0, 0x000002199ad95dd8]
Event: 0.089 Thread 0x00000219b5ab3650   20       3       java.lang.String::length (11 bytes)
Event: 0.089 Thread 0x00000219b5ab3650 nmethod 20 0x000002199ad95e90 code [0x000002199ad96020, 0x000002199ad961b8]
Event: 0.089 Thread 0x00000219b5ab3650   21       1       java.lang.module.ModuleDescriptor::name (5 bytes)
Event: 0.089 Thread 0x00000219b5ab3650 nmethod 21 0x00000219a2860010 code [0x00000219a28601a0, 0x00000219a2860278]
Event: 0.089 Thread 0x00000219b5ab3650   22       1       java.lang.module.ModuleReference::descriptor (5 bytes)
Event: 0.089 Thread 0x00000219b5ab3650 nmethod 22 0x00000219a2860310 code [0x00000219a28604a0, 0x00000219a2860578]
Event: 0.090 Thread 0x00000219b5aaf820 nmethod 15 0x00000219a2860610 code [0x00000219a2860780, 0x00000219a28608f8]
Event: 0.090 Thread 0x00000219b5aaf820   18       4       java.lang.Object::<init> (1 bytes)
Event: 0.090 Thread 0x00000219b5aaf820 nmethod 18 0x00000219a2860a10 code [0x00000219a2860b80, 0x00000219a2860bf8]

GC Heap History (0 events):
No events

Dll operation events (1 events):
Event: 0.008 Loaded shared library C:\Program Files\Android\Android Studio\jbr\bin\java.dll

Deoptimization events (0 events):
No events

Classes unloaded (0 events):
No events

Classes redefined (0 events):
No events

Internal exceptions (0 events):
No events

VM Operations (0 events):
No events

Events (20 events):
Event: 0.092 loading class java/security/ProtectionDomain$Key
Event: 0.092 loading class java/security/ProtectionDomain$Key done
Event: 0.092 loading class java/security/Principal
Event: 0.092 loading class java/security/Principal done
Event: 0.092 loading class jdk/internal/loader/URLClassPath
Event: 0.092 loading class jdk/internal/loader/URLClassPath done
Event: 0.092 loading class java/net/URL$DefaultFactory
Event: 0.092 loading class java/net/URLStreamHandlerFactory
Event: 0.092 loading class java/net/URLStreamHandlerFactory done
Event: 0.092 loading class java/net/URL$DefaultFactory done
Event: 0.092 loading class java/net/URL$3
Event: 0.092 loading class jdk/internal/access/JavaNetURLAccess
Event: 0.092 loading class jdk/internal/access/JavaNetURLAccess done
Event: 0.092 loading class java/net/URL$3 done
Event: 0.092 loading class java/io/File$PathStatus
Event: 0.092 loading class java/io/File$PathStatus done
Event: 0.093 loading class sun/net/www/ParseUtil
Event: 0.093 loading class sun/net/www/ParseUtil done
Event: 0.093 loading class java/util/HexFormat
Event: 0.094 loading class java/util/HexFormat done


Dynamic libraries:
0x00007ff68ea40000 - 0x00007ff68ea4a000 	C:\Program Files\Android\Android Studio\jbr\bin\java.exe
0x00007ff8a3110000 - 0x00007ff8a3308000 	C:\windows\SYSTEM32\ntdll.dll
0x00007ff8a1f70000 - 0x00007ff8a2032000 	C:\windows\System32\KERNEL32.DLL
0x00007ff8a08c0000 - 0x00007ff8a0bb6000 	C:\windows\System32\KERNELBASE.dll
0x00007ff8a0bc0000 - 0x00007ff8a0cc0000 	C:\windows\System32\ucrtbase.dll
0x00007ff898820000 - 0x00007ff89883b000 	C:\Program Files\Android\Android Studio\jbr\bin\VCRUNTIME140.dll
0x00007ff88c130000 - 0x00007ff88c147000 	C:\Program Files\Android\Android Studio\jbr\bin\jli.dll
0x00007ff8a2e90000 - 0x00007ff8a302d000 	C:\windows\System32\USER32.dll
0x00007ff88f5a0000 - 0x00007ff88f83a000 	C:\windows\WinSxS\amd64_microsoft.windows.common-controls_6595b64144ccf1df_6.0.19041.4355_none_60b8b9eb71f62e16\COMCTL32.dll
0x00007ff8a2630000 - 0x00007ff8a26ce000 	C:\windows\System32\msvcrt.dll
0x00007ff8a0d70000 - 0x00007ff8a0d92000 	C:\windows\System32\win32u.dll
0x00007ff8a1de0000 - 0x00007ff8a1e0b000 	C:\windows\System32\GDI32.dll
0x00007ff8a07a0000 - 0x00007ff8a08ba000 	C:\windows\System32\gdi32full.dll
0x00007ff8a0da0000 - 0x00007ff8a0e3d000 	C:\windows\System32\msvcp_win.dll
0x00007ff8a2310000 - 0x00007ff8a233f000 	C:\windows\System32\IMM32.DLL
0x00007ff89cf80000 - 0x00007ff89cf8c000 	C:\Program Files\Android\Android Studio\jbr\bin\vcruntime140_1.dll
0x00007ff898710000 - 0x00007ff89879d000 	C:\Program Files\Android\Android Studio\jbr\bin\msvcp140.dll
0x00007ff84ca80000 - 0x00007ff84d703000 	C:\Program Files\Android\Android Studio\jbr\bin\server\jvm.dll
0x00007ff8a24b0000 - 0x00007ff8a255f000 	C:\windows\System32\ADVAPI32.dll
0x00007ff8a3030000 - 0x00007ff8a30cf000 	C:\windows\System32\sechost.dll
0x00007ff8a2040000 - 0x00007ff8a2163000 	C:\windows\System32\RPCRT4.dll
0x00007ff8a0e40000 - 0x00007ff8a0e67000 	C:\windows\System32\bcrypt.dll
0x00007ff898c90000 - 0x00007ff898c99000 	C:\windows\SYSTEM32\WSOCK32.dll
0x00007ff88b9c0000 - 0x00007ff88b9e7000 	C:\windows\SYSTEM32\WINMM.dll
0x00007ff8a2e20000 - 0x00007ff8a2e8b000 	C:\windows\System32\WS2_32.dll
0x00007ff89fef0000 - 0x00007ff89ff3b000 	C:\windows\SYSTEM32\POWRPROF.dll
0x00007ff8990f0000 - 0x00007ff8990fa000 	C:\windows\SYSTEM32\VERSION.dll
0x00007ff89fed0000 - 0x00007ff89fee2000 	C:\windows\SYSTEM32\UMPDC.dll
0x00007ff89efa0000 - 0x00007ff89efb2000 	C:\windows\SYSTEM32\kernel.appcore.dll
0x00007ff898850000 - 0x00007ff89885a000 	C:\Program Files\Android\Android Studio\jbr\bin\jimage.dll
0x00007ff88afc0000 - 0x00007ff88b1a4000 	C:\windows\SYSTEM32\DBGHELP.DLL
0x00007ff8829c0000 - 0x00007ff8829f4000 	C:\windows\SYSTEM32\dbgcore.DLL
0x00007ff8a0f40000 - 0x00007ff8a0fc2000 	C:\windows\System32\bcryptPrimitives.dll
0x00007ff891770000 - 0x00007ff891795000 	C:\Program Files\Android\Android Studio\jbr\bin\java.dll
0x00007ff890570000 - 0x00007ff890588000 	C:\Program Files\Android\Android Studio\jbr\bin\zip.dll
0x00007ff8a1670000 - 0x00007ff8a1ddf000 	C:\windows\System32\SHELL32.dll
0x00007ff89e670000 - 0x00007ff89ee13000 	C:\windows\SYSTEM32\windows.storage.dll
0x00007ff8a27e0000 - 0x00007ff8a2b35000 	C:\windows\System32\combase.dll
0x00007ff8a00e0000 - 0x00007ff8a010b000 	C:\windows\SYSTEM32\Wldp.dll
0x00007ff8a2560000 - 0x00007ff8a262d000 	C:\windows\System32\OLEAUT32.dll
0x00007ff8a26d0000 - 0x00007ff8a277d000 	C:\windows\System32\SHCORE.dll
0x00007ff8a1ea0000 - 0x00007ff8a1ef5000 	C:\windows\System32\shlwapi.dll
0x00007ff8a06d0000 - 0x00007ff8a06f5000 	C:\windows\SYSTEM32\profapi.dll

dbghelp: loaded successfully - version: 4.0.5 - missing functions: none
symbol engine: initialized successfully - sym options: 0x614 - pdb path: .;C:\Program Files\Android\Android Studio\jbr\bin;C:\windows\SYSTEM32;C:\windows\WinSxS\amd64_microsoft.windows.common-controls_6595b64144ccf1df_6.0.19041.4355_none_60b8b9eb71f62e16;C:\Program Files\Android\Android Studio\jbr\bin\server

VM Arguments:
java_command: org.jetbrains.kotlin.cli.jvm.K2JVMCompiler @C:\Users\Faizan Shabir\Desktop\semester 6 clear\SE clear\Project Implementation Phase\MusicPlayer-Android-Kotlin-master\app\build\20250428_13795833135550718608.compiler.options
java_class_path (initial): C:\Users\Faizan Shabir\.gradle\caches\modules-2\files-2.1\org.jetbrains.kotlin\kotlin-compiler-embeddable\1.9.0\2c8c3a7402becca891f12739b3e9fd2dc2adbd7a\kotlin-compiler-embeddable-1.9.0.jar;C:\Users\Faizan Shabir\.gradle\caches\modules-2\files-2.1\org.jetbrains.kotlin\kotlin-stdlib\1.9.0\8ee15ef0c67dc83d874f412d84378d7f0eb50b63\kotlin-stdlib-1.9.0.jar;C:\Users\Faizan Shabir\.gradle\caches\modules-2\files-2.1\org.jetbrains.kotlin\kotlin-script-runtime\1.9.0\4b3102cbbb7e1b58d9d1adf89563f00069ffa7d1\kotlin-script-runtime-1.9.0.jar;C:\Users\Faizan Shabir\.gradle\caches\modules-2\files-2.1\org.jetbrains.kotlin\kotlin-reflect\1.6.10\1cbe9c92c12a94eea200d23c2bbaedaf3daf5132\kotlin-reflect-1.6.10.jar;C:\Users\Faizan Shabir\.gradle\caches\modules-2\files-2.1\org.jetbrains.kotlin\kotlin-daemon-embeddable\1.9.0\186543f5e28cf8d9a0290fecc2cf34301c40a65c\kotlin-daemon-embeddable-1.9.0.jar;C:\Users\Faizan Shabir\.gradle\caches\modules-2\files-2.1\org.jetbrains.intellij.deps\trove4j\1.0.20200330\3afb14d5f9ceb459d724e907a21145e8ff394f02\trove4j-1.0.20200330.jar;C:\Users\Faizan Shabir\.gradle\caches\modules-2\files-2.1\org.jetbrains.kotlin\kotlin-stdlib-common\1.9.0\cd65c21cfd1eec4d44ef09f9f52b6d9f8a720636\kotlin-stdlib-common-1.9.0.jar;C:\Users\Faizan Shabir\.gradle\caches\modules-2\files-2.1\org.jetbrains\annotations\13.0\919f0dfe192fb4e063e7dacadee7f8bb9a2672a9\annotations-13.0.jar
Launcher Type: SUN_STANDARD

[Global flags]
     intx CICompilerCount                          = 3                                         {product} {ergonomic}
     uint ConcGCThreads                            = 1                                         {product} {ergonomic}
     uint G1ConcRefinementThreads                  = 4                                         {product} {ergonomic}
   size_t G1HeapRegionSize                         = 2097152                                   {product} {ergonomic}
    uintx GCDrainStackTargetSize                   = 64                                        {product} {ergonomic}
   size_t InitialHeapSize                          = 266338304                                 {product} {ergonomic}
   size_t MarkStackSize                            = 4194304                                   {product} {ergonomic}
   size_t MaxHeapSize                              = 4238344192                                {product} {ergonomic}
   size_t MaxNewSize                               = 2541748224                                {product} {ergonomic}
   size_t MinHeapDeltaBytes                        = 2097152                                   {product} {ergonomic}
   size_t MinHeapSize                              = 8388608                                   {product} {ergonomic}
    uintx NonNMethodCodeHeapSize                   = 5832780                                {pd product} {ergonomic}
    uintx NonProfiledCodeHeapSize                  = 122912730                              {pd product} {ergonomic}
    uintx ProfiledCodeHeapSize                     = 122912730                              {pd product} {ergonomic}
    uintx ReservedCodeCacheSize                    = 251658240                              {pd product} {ergonomic}
     bool SegmentedCodeCache                       = true                                      {product} {ergonomic}
   size_t SoftMaxHeapSize                          = 4238344192                             {manageable} {ergonomic}
     bool UseCompressedClassPointers               = true                           {product lp64_product} {ergonomic}
     bool UseCompressedOops                        = true                           {product lp64_product} {ergonomic}
     bool UseG1GC                                  = true                                      {product} {ergonomic}
     bool UseLargePagesIndividualAllocation        = false                                  {pd product} {ergonomic}

Logging:
Log output configuration:
 #0: stdout all=warning uptime,level,tags
 #1: stderr all=off uptime,level,tags

Environment Variables:
PATH=C:\Program Files\Common Files\Oracle\Java\javapath;C:\windows\system32;C:\windows;C:\windows\System32\Wbem;C:\windows\System32\WindowsPowerShell\v1.0\;C:\windows\System32\OpenSSH\;C:\Program Files\Microsoft SQL Server\110\Tools\Binn\;C:\Program Files (x86)\Microsoft SDKs\TypeScript\1.0\;C:\Program Files (x86)\Windows Kits\10\Windows Performance Toolkit\;C:\Program Files (x86)\Microsoft SQL Server\160\DTS\Binn\;C:\Program Files\Azure Data Studio\bin;C:\Program Files\Microsoft SQL Server\150\Tools\Binn\;C:\Program Files\Microsoft SQL Server\Client SDK\ODBC\170\Tools\Binn\;C:\Program Files\dotnet\;C:\Program Files\Git\cmd;C:\ProgramData\chocolatey\bin;C:\Users\Faizan Shabir\AppData\Local\Microsoft\WindowsApps;C:\Users\Faizan Shabir\AppData\Local\GitHubDesktop\bin;C:\Program Files\Azure Data Studio\bin;C:\Users\Faizan Shabir\.dotnet\tools;C:\ProgramData\mingw64\mingw64\bin
USERNAME=Faizan Shabir
OS=Windows_NT
PROCESSOR_IDENTIFIER=Intel64 Family 6 Model 94 Stepping 3, GenuineIntel
TMP=C:\Users\FAIZAN~1\AppData\Local\Temp
TEMP=C:\Users\FAIZAN~1\AppData\Local\Temp



Periodic native trim disabled

JNI global refs:
JNI global refs: 4, weak refs: 0

JNI global refs memory usage: 843, weak refs: 209

OOME stack traces (most recent first):
Classloader memory used:
Loader bootstrap                                                                       : 426K


---------------  S Y S T E M  ---------------

OS:
 Windows 10 , 64 bit Build 19041 (10.0.19041.5678)
OS uptime: 1 days 1:29 hours
Hyper-V role detected

CPU: total 4 (initial active 4) (4 cores per cpu, 1 threads per core) family 6 model 94 stepping 3 microcode 0xdc, cx8, cmov, fxsr, mmx, 3dnowpref, sse, sse2, sse3, ssse3, sse4.1, sse4.2, popcnt, lzcnt, tsc, tscinvbit, avx, avx2, aes, erms, clmul, bmi1, bmi2, rtm, adx, fma, vzeroupper, clflush, clflushopt, hv
Processor Information for all 4 processors :
  Max Mhz: 3201, Current Mhz: 3201, Mhz Limit: 3201

Memory: 4k page, system-wide physical 16167M (598M free)
TotalPageFile size 16167M (AvailPageFile size 6M)
current process WorkingSet (physical memory assigned to process): 27M, peak: 27M
current process commit charge ("private bytes"): 324M, peak: 325M

vm_info: OpenJDK 64-Bit Server VM (17.0.10+0--11609105) for windows-amd64 JRE (17.0.10+0--11609105), built on Mar 21 2024 19:10:56 by "androidbuild" with MS VC++ 16.10 / 16.11 (VS2019)

END.
