#
# There is insufficient memory for the Java Runtime Environment to continue.
# Native memory allocation (mmap) failed to map 4161536 bytes for G1 virtual space
# Possible reasons:
#   The system is out of physical RAM or swap space
#   The process is running with CompressedOops enabled, and the Java Heap may be blocking the growth of the native heap
# Possible solutions:
#   Reduce memory load on the system
#   Increase physical memory or swap space
#   Check if swap backing store is full
#   Decrease Java heap size (-Xmx/-Xms)
#   Decrease number of Java threads
#   Decrease Java thread stack sizes (-Xss)
#   Set larger code cache with -XX:ReservedCodeCacheSize=
#   JVM is running with Zero Based Compressed Oops mode in which the Java heap is
#     placed in the first 32GB address space. The Java Heap base address is the
#     maximum limit for the native heap growth. Please use -XX:HeapBaseMinAddress
#     to set the Java Heap base and to place the Java Heap above 32GB virtual address.
# This output file may be truncated or incomplete.
#
#  Out of Memory Error (os_windows.cpp:3825), pid=13300, tid=10436
#
# JRE version:  (17.0.10) (build )
# Java VM: OpenJDK 64-Bit Server VM (17.0.10+0--11609105, mixed mode, sharing, tiered, compressed oops, compressed class ptrs, g1 gc, windows-amd64)
# No core dump will be written. Minidumps are not enabled by default on client versions of Windows
#

---------------  S U M M A R Y ------------

Command Line: org.jetbrains.kotlin.cli.jvm.K2JVMCompiler @C:\Users\Faizan Shabir\Desktop\semester 6 clear\SE clear\Project Implementation Phase\MusicPlayer-Android-Kotlin-master\app\build\20250428_17015885385761128682.compiler.options

Host: Intel(R) Core(TM) i5-6500 CPU @ 3.20GHz, 4 cores, 15G,  Windows 10 , 64 bit Build 19041 (10.0.19041.5678)
Time: Mon Apr 28 14:18:48 2025 Pakistan Standard Time elapsed time: 0.014774 seconds (0d 0h 0m 0s)

---------------  T H R E A D  ---------------

Current thread (0x000001ab216af6e0):  JavaThread "Unknown thread" [_thread_in_vm, id=10436, stack(0x0000008a3e900000,0x0000008a3ea00000)]

Stack: [0x0000008a3e900000,0x0000008a3ea00000]
Native frames: (J=compiled Java code, j=interpreted, Vv=VM code, C=native code)
V  [jvm.dll+0x688de9]
V  [jvm.dll+0x8423da]
V  [jvm.dll+0x84401e]
V  [jvm.dll+0x844683]
V  [jvm.dll+0x24be0f]
V  [jvm.dll+0x685bb9]
V  [jvm.dll+0x67a46a]
V  [jvm.dll+0x30cbab]
V  [jvm.dll+0x314056]
V  [jvm.dll+0x363df8]
V  [jvm.dll+0x363fff]
V  [jvm.dll+0x2e2978]
V  [jvm.dll+0x2e38e4]
V  [jvm.dll+0x812f71]
V  [jvm.dll+0x371c81]
V  [jvm.dll+0x7f1ac6]
V  [jvm.dll+0x3f58df]
V  [jvm.dll+0x3f7511]
C  [jli.dll+0x528f]
C  [ucrtbase.dll+0x21bb2]
C  [KERNEL32.DLL+0x17374]
C  [ntdll.dll+0x4cc91]


---------------  P R O C E S S  ---------------

Threads class SMR info:
_java_thread_list=0x00007ff84d5bef58, length=0, elements={
}

Java Threads: ( => current thread )

Other Threads:
  0x000001ab21719c80 GCTaskThread "GC Thread#0" [stack: 0x0000008a3ea00000,0x0000008a3eb00000] [id=14968]
  0x000001ab2172c790 ConcurrentGCThread "G1 Main Marker" [stack: 0x0000008a3eb00000,0x0000008a3ec00000] [id=5916]
  0x000001ab2172d0c0 ConcurrentGCThread "G1 Conc#0" [stack: 0x0000008a3ec00000,0x0000008a3ed00000] [id=7292]

[error occurred during error reporting (printing all threads), id 0xc0000005, EXCEPTION_ACCESS_VIOLATION (0xc0000005) at pc=0x00007ff84cd73547]

VM state: not at safepoint (not fully initialized)

VM Mutex/Monitor currently owned by a thread:  ([mutex/lock_event])
[0x000001ab216abe00] Heap_lock - owner thread: 0x000001ab216af6e0

Heap address: 0x0000000703600000, size: 4042 MB, Compressed Oops mode: Zero based, Oop shift amount: 3

CDS archive(s) mapped at: [0x0000000000000000-0x0000000000000000-0x0000000000000000), size 0, SharedBaseAddress: 0x0000000800000000, ArchiveRelocationMode: 1.
Narrow klass base: 0x0000000000000000, Narrow klass shift: 0, Narrow klass range: 0x0

GC Precious Log:
<Empty>

Heap:
 garbage-first heap   total 0K, used 0K [0x0000000703600000, 0x0000000800000000)
  region size 2048K, 0 young (0K), 0 survivors (0K)
 Metaspace       used 0K, committed 0K, reserved 0K
  class space    used 0K, committed 0K, reserved 0K

Heap Regions: E=young(eden), S=young(survivor), O=old, HS=humongous(starts), HC=humongous(continues), CS=collection set, F=free, OA=open archive, CA=closed archive, TAMS=top-at-mark-start (previous, next)

Card table byte_map: [0x000001ab34380000,0x000001ab34b70000] _byte_map_base: 0x000001ab30b65000

Marking Bits (Prev, Next): (CMBitMap*) 0x000001ab2171c1d0, (CMBitMap*) 0x000001ab2171c210
 Prev Bits: [0x000001ab35360000, 0x000001ab39288000)
 Next Bits: [0x000001ab39290000, 0x000001ab3d1b8000)

GC Heap History (0 events):
No events

Dll operation events (1 events):
Event: 0.008 Loaded shared library C:\Program Files\Android\Android Studio\jbr\bin\java.dll

Deoptimization events (0 events):
No events

Classes unloaded (0 events):
No events

Classes redefined (0 events):
No events

Internal exceptions (0 events):
No events

VM Operations (0 events):
No events

Events (0 events):
No events


Dynamic libraries:
0x00007ff68ea40000 - 0x00007ff68ea4a000 	C:\Program Files\Android\Android Studio\jbr\bin\java.exe
0x00007ff8a3110000 - 0x00007ff8a3308000 	C:\windows\SYSTEM32\ntdll.dll
0x00007ff8a1f70000 - 0x00007ff8a2032000 	C:\windows\System32\KERNEL32.DLL
0x00007ff8a08c0000 - 0x00007ff8a0bb6000 	C:\windows\System32\KERNELBASE.dll
0x00007ff8a0bc0000 - 0x00007ff8a0cc0000 	C:\windows\System32\ucrtbase.dll
0x00007ff898820000 - 0x00007ff89883b000 	C:\Program Files\Android\Android Studio\jbr\bin\VCRUNTIME140.dll
0x00007ff88c130000 - 0x00007ff88c147000 	C:\Program Files\Android\Android Studio\jbr\bin\jli.dll
0x00007ff8a2e90000 - 0x00007ff8a302d000 	C:\windows\System32\USER32.dll
0x00007ff8a0d70000 - 0x00007ff8a0d92000 	C:\windows\System32\win32u.dll
0x00007ff88f5a0000 - 0x00007ff88f83a000 	C:\windows\WinSxS\amd64_microsoft.windows.common-controls_6595b64144ccf1df_6.0.19041.4355_none_60b8b9eb71f62e16\COMCTL32.dll
0x00007ff8a1de0000 - 0x00007ff8a1e0b000 	C:\windows\System32\GDI32.dll
0x00007ff8a07a0000 - 0x00007ff8a08ba000 	C:\windows\System32\gdi32full.dll
0x00007ff8a0da0000 - 0x00007ff8a0e3d000 	C:\windows\System32\msvcp_win.dll
0x00007ff8a2630000 - 0x00007ff8a26ce000 	C:\windows\System32\msvcrt.dll
0x00007ff8a2310000 - 0x00007ff8a233f000 	C:\windows\System32\IMM32.DLL
0x00007ff89cf80000 - 0x00007ff89cf8c000 	C:\Program Files\Android\Android Studio\jbr\bin\vcruntime140_1.dll
0x00007ff898710000 - 0x00007ff89879d000 	C:\Program Files\Android\Android Studio\jbr\bin\msvcp140.dll
0x00007ff84ca80000 - 0x00007ff84d703000 	C:\Program Files\Android\Android Studio\jbr\bin\server\jvm.dll
0x00007ff8a24b0000 - 0x00007ff8a255f000 	C:\windows\System32\ADVAPI32.dll
0x00007ff8a3030000 - 0x00007ff8a30cf000 	C:\windows\System32\sechost.dll
0x00007ff8a2040000 - 0x00007ff8a2163000 	C:\windows\System32\RPCRT4.dll
0x00007ff8a0e40000 - 0x00007ff8a0e67000 	C:\windows\System32\bcrypt.dll
0x00007ff89fef0000 - 0x00007ff89ff3b000 	C:\windows\SYSTEM32\POWRPROF.dll
0x00007ff898c90000 - 0x00007ff898c99000 	C:\windows\SYSTEM32\WSOCK32.dll
0x00007ff88b9c0000 - 0x00007ff88b9e7000 	C:\windows\SYSTEM32\WINMM.dll
0x00007ff8a2e20000 - 0x00007ff8a2e8b000 	C:\windows\System32\WS2_32.dll
0x00007ff8990f0000 - 0x00007ff8990fa000 	C:\windows\SYSTEM32\VERSION.dll
0x00007ff89fed0000 - 0x00007ff89fee2000 	C:\windows\SYSTEM32\UMPDC.dll
0x00007ff89efa0000 - 0x00007ff89efb2000 	C:\windows\SYSTEM32\kernel.appcore.dll
0x00007ff898850000 - 0x00007ff89885a000 	C:\Program Files\Android\Android Studio\jbr\bin\jimage.dll
0x00007ff88afc0000 - 0x00007ff88b1a4000 	C:\windows\SYSTEM32\DBGHELP.DLL
0x00007ff8829c0000 - 0x00007ff8829f4000 	C:\windows\SYSTEM32\dbgcore.DLL
0x00007ff8a0f40000 - 0x00007ff8a0fc2000 	C:\windows\System32\bcryptPrimitives.dll
0x00007ff891770000 - 0x00007ff891795000 	C:\Program Files\Android\Android Studio\jbr\bin\java.dll

dbghelp: loaded successfully - version: 4.0.5 - missing functions: none
symbol engine: initialized successfully - sym options: 0x614 - pdb path: .;C:\Program Files\Android\Android Studio\jbr\bin;C:\windows\SYSTEM32;C:\windows\WinSxS\amd64_microsoft.windows.common-controls_6595b64144ccf1df_6.0.19041.4355_none_60b8b9eb71f62e16;C:\Program Files\Android\Android Studio\jbr\bin\server

VM Arguments:
java_command: org.jetbrains.kotlin.cli.jvm.K2JVMCompiler @C:\Users\Faizan Shabir\Desktop\semester 6 clear\SE clear\Project Implementation Phase\MusicPlayer-Android-Kotlin-master\app\build\20250428_17015885385761128682.compiler.options
java_class_path (initial): C:\Users\Faizan Shabir\.gradle\caches\modules-2\files-2.1\org.jetbrains.kotlin\kotlin-compiler-embeddable\1.9.0\2c8c3a7402becca891f12739b3e9fd2dc2adbd7a\kotlin-compiler-embeddable-1.9.0.jar;C:\Users\Faizan Shabir\.gradle\caches\modules-2\files-2.1\org.jetbrains.kotlin\kotlin-stdlib\1.9.0\8ee15ef0c67dc83d874f412d84378d7f0eb50b63\kotlin-stdlib-1.9.0.jar;C:\Users\Faizan Shabir\.gradle\caches\modules-2\files-2.1\org.jetbrains.kotlin\kotlin-script-runtime\1.9.0\4b3102cbbb7e1b58d9d1adf89563f00069ffa7d1\kotlin-script-runtime-1.9.0.jar;C:\Users\Faizan Shabir\.gradle\caches\modules-2\files-2.1\org.jetbrains.kotlin\kotlin-reflect\1.6.10\1cbe9c92c12a94eea200d23c2bbaedaf3daf5132\kotlin-reflect-1.6.10.jar;C:\Users\Faizan Shabir\.gradle\caches\modules-2\files-2.1\org.jetbrains.kotlin\kotlin-daemon-embeddable\1.9.0\186543f5e28cf8d9a0290fecc2cf34301c40a65c\kotlin-daemon-embeddable-1.9.0.jar;C:\Users\Faizan Shabir\.gradle\caches\modules-2\files-2.1\org.jetbrains.intellij.deps\trove4j\1.0.20200330\3afb14d5f9ceb459d724e907a21145e8ff394f02\trove4j-1.0.20200330.jar;C:\Users\Faizan Shabir\.gradle\caches\modules-2\files-2.1\org.jetbrains.kotlin\kotlin-stdlib-common\1.9.0\cd65c21cfd1eec4d44ef09f9f52b6d9f8a720636\kotlin-stdlib-common-1.9.0.jar;C:\Users\Faizan Shabir\.gradle\caches\modules-2\files-2.1\org.jetbrains\annotations\13.0\919f0dfe192fb4e063e7dacadee7f8bb9a2672a9\annotations-13.0.jar
Launcher Type: SUN_STANDARD

[Global flags]
     intx CICompilerCount                          = 3                                         {product} {ergonomic}
     uint ConcGCThreads                            = 1                                         {product} {ergonomic}
     uint G1ConcRefinementThreads                  = 4                                         {product} {ergonomic}
   size_t G1HeapRegionSize                         = 2097152                                   {product} {ergonomic}
    uintx GCDrainStackTargetSize                   = 64                                        {product} {ergonomic}
   size_t InitialHeapSize                          = 266338304                                 {product} {ergonomic}
   size_t MarkStackSize                            = 4194304                                   {product} {ergonomic}
   size_t MaxHeapSize                              = 4238344192                                {product} {ergonomic}
   size_t MinHeapDeltaBytes                        = 2097152                                   {product} {ergonomic}
   size_t MinHeapSize                              = 8388608                                   {product} {ergonomic}
    uintx NonNMethodCodeHeapSize                   = 5832780                                {pd product} {ergonomic}
    uintx NonProfiledCodeHeapSize                  = 122912730                              {pd product} {ergonomic}
    uintx ProfiledCodeHeapSize                     = 122912730                              {pd product} {ergonomic}
    uintx ReservedCodeCacheSize                    = 251658240                              {pd product} {ergonomic}
     bool SegmentedCodeCache                       = true                                      {product} {ergonomic}
   size_t SoftMaxHeapSize                          = 4238344192                             {manageable} {ergonomic}
     bool UseCompressedClassPointers               = true                           {product lp64_product} {ergonomic}
     bool UseCompressedOops                        = true                           {product lp64_product} {ergonomic}
     bool UseG1GC                                  = true                                      {product} {ergonomic}
     bool UseLargePagesIndividualAllocation        = false                                  {pd product} {ergonomic}

Logging:
Log output configuration:
 #0: stdout all=warning uptime,level,tags
 #1: stderr all=off uptime,level,tags

Environment Variables:
PATH=C:\Program Files\Common Files\Oracle\Java\javapath;C:\windows\system32;C:\windows;C:\windows\System32\Wbem;C:\windows\System32\WindowsPowerShell\v1.0\;C:\windows\System32\OpenSSH\;C:\Program Files\Microsoft SQL Server\110\Tools\Binn\;C:\Program Files (x86)\Microsoft SDKs\TypeScript\1.0\;C:\Program Files (x86)\Windows Kits\10\Windows Performance Toolkit\;C:\Program Files (x86)\Microsoft SQL Server\160\DTS\Binn\;C:\Program Files\Azure Data Studio\bin;C:\Program Files\Microsoft SQL Server\150\Tools\Binn\;C:\Program Files\Microsoft SQL Server\Client SDK\ODBC\170\Tools\Binn\;C:\Program Files\dotnet\;C:\Program Files\Git\cmd;C:\ProgramData\chocolatey\bin;C:\Users\Faizan Shabir\AppData\Local\Microsoft\WindowsApps;C:\Users\Faizan Shabir\AppData\Local\GitHubDesktop\bin;C:\Program Files\Azure Data Studio\bin;C:\Users\Faizan Shabir\.dotnet\tools;C:\ProgramData\mingw64\mingw64\bin
USERNAME=Faizan Shabir
OS=Windows_NT
PROCESSOR_IDENTIFIER=Intel64 Family 6 Model 94 Stepping 3, GenuineIntel
TMP=C:\Users\FAIZAN~1\AppData\Local\Temp
TEMP=C:\Users\FAIZAN~1\AppData\Local\Temp



Periodic native trim disabled

JNI global refs:
JNI global refs: 0, weak refs: 0

JNI global refs memory usage: 0, weak refs: 0

OOME stack traces (most recent first):
Classloader memory used:


---------------  S Y S T E M  ---------------

OS:
 Windows 10 , 64 bit Build 19041 (10.0.19041.5678)
OS uptime: 1 days 1:29 hours
Hyper-V role detected

CPU: total 4 (initial active 4) (4 cores per cpu, 1 threads per core) family 6 model 94 stepping 3 microcode 0xdc, cx8, cmov, fxsr, mmx, 3dnowpref, sse, sse2, sse3, ssse3, sse4.1, sse4.2, popcnt, lzcnt, tsc, tscinvbit, avx, avx2, aes, erms, clmul, bmi1, bmi2, rtm, adx, fma, vzeroupper, clflush, clflushopt, hv
Processor Information for all 4 processors :
  Max Mhz: 3201, Current Mhz: 3201, Mhz Limit: 3201

Memory: 4k page, system-wide physical 16167M (598M free)
TotalPageFile size 16167M (AvailPageFile size 5M)
current process WorkingSet (physical memory assigned to process): 10M, peak: 10M
current process commit charge ("private bytes"): 310M, peak: 314M

vm_info: OpenJDK 64-Bit Server VM (17.0.10+0--11609105) for windows-amd64 JRE (17.0.10+0--11609105), built on Mar 21 2024 19:10:56 by "androidbuild" with MS VC++ 16.10 / 16.11 (VS2019)

END.
